=== CHAIN SPLIT LOG SIM (RAMP) ===
h= 1 price= 1.0000 shouldSplit= false cumulativeFactor= 1 reason= below_threshold prevHeight= 0 nextHeight= 1
h= 2 price= 1.1500 shouldSplit= false cumulativeFactor= 1 reason= below_threshold prevHeight= 1 nextHeight= 2
h= 3 price= 1.3225 shouldSplit= false cumulativeFactor= 1 reason= below_threshold prevHeight= 2 nextHeight= 3
h= 4 price= 1.5209 shouldSplit= false cumulativeFactor= 1 reason= below_threshold prevHeight= 3 nextHeight= 4
h= 5 price= 1.7490 shouldSplit= false cumulativeFactor= 1 reason= below_threshold prevHeight= 4 nextHeight= 5
h= 6 price= 2.0114 shouldSplit= false cumulativeFactor= 1 reason= below_threshold prevHeight= 5 nextHeight= 6
h= 7 price= 2.3131 shouldSplit= false cumulativeFactor= 1 reason= below_threshold prevHeight= 6 nextHeight= 7
h= 8 price= 2.6600 shouldSplit= false cumulativeFactor= 1 reason= below_threshold prevHeight= 7 nextHeight= 8
h= 9 price= 3.0590 shouldSplit= true cumulativeFactor= 2 reason= threshold_met prevHeight= 8 nextHeight= 9
h= 10 price= 3.5179 shouldSplit= false cumulativeFactor= 2 reason= min_interval_not_met prevHeight= 9 nextHeight= 10
h= 11 price= 4.0456 shouldSplit= false cumulativeFactor= 2 reason= min_interval_not_met prevHeight= 10 nextHeight= 11
h= 12 price= 4.6524 shouldSplit= false cumulativeFactor= 2 reason= min_interval_not_met prevHeight= 11 nextHeight= 12
h= 13 price= 5.3503 shouldSplit= false cumulativeFactor= 2 reason= min_interval_not_met prevHeight= 12 nextHeight= 13
h= 14 price= 6.1528 shouldSplit= false cumulativeFactor= 2 reason= min_interval_not_met prevHeight= 13 nextHeight= 14
h= 15 price= 7.0757 shouldSplit= false cumulativeFactor= 2 reason= min_interval_not_met prevHeight= 14 nextHeight= 15
h= 16 price= 8.1371 shouldSplit= false cumulativeFactor= 2 reason= min_interval_not_met prevHeight= 15 nextHeight= 16
h= 17 price= 9.3576 shouldSplit= false cumulativeFactor= 2 reason= min_interval_not_met prevHeight= 16 nextHeight= 17
h= 18 price= 10.7613 shouldSplit= false cumulativeFactor= 2 reason= min_interval_not_met prevHeight= 17 nextHeight= 18
h= 19 price= 12.3755 shouldSplit= false cumulativeFactor= 2 reason= min_interval_not_met prevHeight= 18 nextHeight= 19
h= 20 price= 14.2318 shouldSplit= false cumulativeFactor= 2 reason= min_interval_not_met prevHeight= 19 nextHeight= 20
h= 21 price= 16.3665 shouldSplit= false cumulativeFactor= 2 reason= min_interval_not_met prevHeight= 20 nextHeight= 21
h= 22 price= 18.8215 shouldSplit= false cumulativeFactor= 2 reason= min_interval_not_met prevHeight= 21 nextHeight= 22
h= 23 price= 21.6447 shouldSplit= false cumulativeFactor= 2 reason= min_interval_not_met prevHeight= 22 nextHeight= 23
h= 24 price= 24.8915 shouldSplit= false cumulativeFactor= 2 reason= min_interval_not_met prevHeight= 23 nextHeight= 24
h= 25 price= 28.6252 shouldSplit= false cumulativeFactor= 2 reason= min_interval_not_met prevHeight= 24 nextHeight= 25
h= 26 price= 32.9190 shouldSplit= false cumulativeFactor= 2 reason= min_interval_not_met prevHeight= 25 nextHeight= 26
h= 27 price= 37.8568 shouldSplit= false cumulativeFactor= 2 reason= min_interval_not_met prevHeight= 26 nextHeight= 27
h= 28 price= 43.5353 shouldSplit= false cumulativeFactor= 2 reason= min_interval_not_met prevHeight= 27 nextHeight= 28
h= 29 price= 50.0656 shouldSplit= false cumulativeFactor= 2 reason= min_interval_not_met prevHeight= 28 nextHeight= 29
h= 30 price= 57.5755 shouldSplit= false cumulativeFactor= 2 reason= min_interval_not_met prevHeight= 29 nextHeight= 30
h= 31 price= 66.2118 shouldSplit= false cumulativeFactor= 2 reason= min_interval_not_met prevHeight= 30 nextHeight= 31
h= 32 price= 76.1435 shouldSplit= false cumulativeFactor= 2 reason= min_interval_not_met prevHeight= 31 nextHeight= 32
h= 33 price= 87.5651 shouldSplit= false cumulativeFactor= 2 reason= min_interval_not_met prevHeight= 32 nextHeight= 33
h= 34 price= 100.6998 shouldSplit= false cumulativeFactor= 2 reason= min_interval_not_met prevHeight= 33 nextHeight= 34
h= 35 price= 115.8048 shouldSplit= false cumulativeFactor= 2 reason= min_interval_not_met prevHeight= 34 nextHeight= 35
h= 36 price= 133.1755 shouldSplit= false cumulativeFactor= 2 reason= min_interval_not_met prevHeight= 35 nextHeight= 36
h= 37 price= 153.1519 shouldSplit= false cumulativeFactor= 2 reason= min_interval_not_met prevHeight= 36 nextHeight= 37
h= 38 price= 176.1246 shouldSplit= false cumulativeFactor= 2 reason= min_interval_not_met prevHeight= 37 nextHeight= 38
h= 39 price= 202.5433 shouldSplit= false cumulativeFactor= 2 reason= min_interval_not_met prevHeight= 38 nextHeight= 39
h= 40 price= 232.9248 shouldSplit= false cumulativeFactor= 2 reason= min_interval_not_met prevHeight= 39 nextHeight= 40
=== splitEvents recorded on state ===
[
  {
    height: 9,
    factor: 2n,
    cumulativeFactor: 2n,
    euPerThePrice: 3.0590228625390607,
    reason: 'threshold_met'
  }
]
