=== DIFFICULTY SAFE MODE SIM ===
--- Block h=1 hash=b1 ---
  reason=safe_mode
  observed dt=null
  difficulty: 1000000 -> 1000000
--- Block h=2 hash=b2 ---
  reason=safe_mode
  observed dt=null
  difficulty: 1000000 -> 1000000
--- Block h=3 hash=b3 ---
  reason=too_fast
  observed dt=60
  difficulty: 1000000 -> 1000000
--- Block h=4 hash=b4 ---
  reason=too_fast
  observed dt=30
  difficulty: 1000000 -> 4000000
--- Block h=5 hash=b5 ---
  reason=safe_mode
  observed dt=-150
  difficulty: 4000000 -> 4000000
--- Block h=6 hash=b6 ---
  reason=safe_mode
  observed dt=4620
  difficulty: 4000000 -> 4000000
Final difficulty state: { height: 6, current: 4000000n }
=== DIFFICULTY SAFE MODE SIM COMPLETE ===
