=== EMISSIONS SIM (DEV + STEADY STATE) ===
Dev phase blocks (computed): 61200

--- HEIGHT 0 ---
  isDevPhase: true
  minerRewardTHE: 9
  nipRewardTHE: 1
  totalRewardTHE: 10
  epochIndex: 0

--- HEIGHT 61199 ---
  isDevPhase: true
  minerRewardTHE: 9
  nipRewardTHE: 1
  totalRewardTHE: 10
  epochIndex: 0

--- HEIGHT 61200 ---
  isDevPhase: false
  minerRewardTHE: 40
  nipRewardTHE: 0
  totalRewardTHE: 40
  epochIndex: 2

--- HEIGHT 91439 ---
  isDevPhase: false
  minerRewardTHE: 40
  nipRewardTHE: 0
  totalRewardTHE: 40
  epochIndex: 2

=== EMISSIONS SIM SUMMARY ===
Total blocks simulated: 91440
Dev-phase blocks: 61200
Steady-state blocks: 30240

Dev-phase totals:
  Miner reward THE: 550800
  NIP reward THE:   61200
  Combined THE:     612000

Steady-state totals (sim window):
  Miner reward THE: 1209600
  NIP reward THE:   0
  Combined THE:     1209600

Global totals:
  Miner reward THE: 1760400
  NIP reward THE:   61200
  Combined THE:     1821600

=== EMISSIONS SIM COMPLETE ===
