=== EU LEDGER SIM 2 (Pack 12.2) ===
--- Initial snapshot ---
height: 0
accounts.size: 2
vaults.size: 2
--- Vault A ---
vaultId: EU_VAULT_A
vaultOwner: eu-owner-A
vaultBalanceTHE: 750
--- Vault B ---
vaultId: EU_VAULT_B
vaultOwner: eu-owner-B
vaultBalanceTHE: 1250
--- Certs by owner ---
Owner A certs: [ 'EU_CERT_A_001' ]
Owner B certs: [ 'EU_CERT_B_001' ]
--- Helper predicates before redemption ---
isEuActive(A): true
isEuRedeemed(A): false
isEuActive(B): true
isEuRedeemed(B): false
--- Redeeming cert A ---
--- After redemption of A ---
cert A status: REDEEMED
cert B status: ACTIVE
--- Helper predicates after redemption ---
isEuActive(A): false
isEuRedeemed(A): true
isEuActive(B): true
isEuRedeemed(B): false
=== EU LEDGER SIM 2 COMPLETE ===
