=== EU TX SHAPES SIM (Pack 22.1) ===

--- FINAL EU REGISTRY ---
certA: {
  id: 'EU_CERT_SHAPES_A_001',
  owner: 'OWNER_EU_SHAPES_A',
  activatedByInstitutionId: 'SIM_TEST_BANK_A',
  physicalBearer: true,
  issuedAtHeight: 0,
  chainHashProof: 'SIM_CHAIN_HASH_A',
  oracleValueEUAtIssuance: 1000n,
  backingVaultId: 'VAULT_EU_SHAPES_A',
  status: 'REDEEMED'
}
certB: {
  id: 'EU_CERT_SHAPES_B_001',
  owner: 'OWNER_EU_SHAPES_B',
  activatedByInstitutionId: 'SIM_TEST_BANK_B',
  physicalBearer: true,
  issuedAtHeight: 0,
  chainHashProof: 'SIM_CHAIN_HASH_B',
  oracleValueEUAtIssuance: 2000n,
  backingVaultId: 'VAULT_EU_SHAPES_B',
  status: 'ACTIVE'
}

--- Helper predicates ---
isEuActive(A):    false
isEuRedeemed(A):  true
isEuActive(B):    true
isEuRedeemed(B):  false

--- Asserting invariants ---

=== EU TX SHAPES SIM COMPLETE ===
