=== MEGA SIM (EMISSIONS + DIFFICULTY, v0) ===
Total blocks: 20000
Dev-phase blocks (from model): 61200

--- HEIGHT 0 ---
  timestampSec: 233
  isDevPhase: true
  minerRewardTHE: 9
  nipRewardTHE: 1
  approxLeadingZeroBits: 11

--- HEIGHT 4999 ---
  timestampSec: 1199741
  isDevPhase: true
  minerRewardTHE: 9
  nipRewardTHE: 1
  approxLeadingZeroBits: 15

--- HEIGHT 9999 ---
  timestampSec: 2398102
  isDevPhase: true
  minerRewardTHE: 9
  nipRewardTHE: 1
  approxLeadingZeroBits: 26

--- HEIGHT 14999 ---
  timestampSec: 3606283
  isDevPhase: true
  minerRewardTHE: 9
  nipRewardTHE: 1
  approxLeadingZeroBits: 24

--- HEIGHT 19999 ---
  timestampSec: 4805027
  isDevPhase: true
  minerRewardTHE: 9
  nipRewardTHE: 1
  approxLeadingZeroBits: 33

=== MEGA SIM SUMMARY ===
Blocks: 20000
Dev-phase blocks (observed): 20000
Steady-state blocks (observed): 0

Dev-phase totals:
  Miner THE: 180000
  NIP THE:   20000
  Combined: 200000

Steady-state totals (window):
  Miner THE: 0
  NIP THE:   0
  Combined: 0

Global totals (window):
  Miner THE: 180000
  NIP THE:   20000
  Combined: 200000

=== MEGA SIM COMPLETE ===
