=== P2P + WIRE NET SIM (INV/GET/BLOCK) ===

>>> N1 mines and announces 3 blocks...

Peer N1: mined block h=2, hash=0xcff2792e9423482f6e5b4350a4d97513407d69bcec396b993e40695a3982b7bb
Peer N2: received INV_BLOCK h=2, hash=0xcff2792e9423482f6e5b4350a4d97513407d69bcec396b993e40695a3982b7bb from N1
Peer N1: sending BLOCK h=2 to N2
Peer N2: applied BLOCK h=2, hash=0xcff2792e9423482f6e5b4350a4d97513407d69bcec396b993e40695a3982b7bb from N1
Peer N3: received INV_BLOCK h=2, hash=0xcff2792e9423482f6e5b4350a4d97513407d69bcec396b993e40695a3982b7bb from N1
Peer N1: sending BLOCK h=2 to N3
Peer N3: applied BLOCK h=2, hash=0xcff2792e9423482f6e5b4350a4d97513407d69bcec396b993e40695a3982b7bb from N1
Peer N1: mined block h=3, hash=0x7734f919e09fd266f4b467248cb6044173395d03eb81e77b934bacff256d6d2f
Peer N2: received INV_BLOCK h=3, hash=0x7734f919e09fd266f4b467248cb6044173395d03eb81e77b934bacff256d6d2f from N1
Peer N1: sending BLOCK h=3 to N2
Peer N2: applied BLOCK h=3, hash=0x7734f919e09fd266f4b467248cb6044173395d03eb81e77b934bacff256d6d2f from N1
Peer N3: received INV_BLOCK h=3, hash=0x7734f919e09fd266f4b467248cb6044173395d03eb81e77b934bacff256d6d2f from N1
Peer N1: sending BLOCK h=3 to N3
Peer N3: applied BLOCK h=3, hash=0x7734f919e09fd266f4b467248cb6044173395d03eb81e77b934bacff256d6d2f from N1
Peer N1: mined block h=4, hash=0xa231286978fc192471e0aa4666ea0aa5ebb2f5e2472b1feb88be02c8d70061b8
Peer N2: received INV_BLOCK h=4, hash=0xa231286978fc192471e0aa4666ea0aa5ebb2f5e2472b1feb88be02c8d70061b8 from N1
Peer N1: sending BLOCK h=4 to N2
Peer N2: applied BLOCK h=4, hash=0xa231286978fc192471e0aa4666ea0aa5ebb2f5e2472b1feb88be02c8d70061b8 from N1
Peer N3: received INV_BLOCK h=4, hash=0xa231286978fc192471e0aa4666ea0aa5ebb2f5e2472b1feb88be02c8d70061b8 from N1
Peer N1: sending BLOCK h=4 to N3
Peer N3: applied BLOCK h=4, hash=0xa231286978fc192471e0aa4666ea0aa5ebb2f5e2472b1feb88be02c8d70061b8 from N1

=== FINAL PEER TIPS ===
Peer N1 FINAL: height=4, hash=0xa231286978fc192471e0aa4666ea0aa5ebb2f5e2472b1feb88be02c8d70061b8
Peer N2 FINAL: height=4, hash=0xa231286978fc192471e0aa4666ea0aa5ebb2f5e2472b1feb88be02c8d70061b8
Peer N3 FINAL: height=4, hash=0xa231286978fc192471e0aa4666ea0aa5ebb2f5e2472b1feb88be02c8d70061b8
=== P2P + WIRE NET SIM COMPLETE ===
