=== NETWORK SIM ===

Initial heights:
  N1: { height: 0, lastBlockHash: null }
  N2: { height: 0, lastBlockHash: null }
  N3: { height: 0, lastBlockHash: null }

>>> TICK 1
  New tx: ADDR_A -> ADDR_B : 25 THE
  Miner: N1 (MINER_1)
  Mined block h=1 hash=0xf671387f8963015c33a8ea30b0ca7987962d379c5025058d951309d2e9616722
    N1 state: {
  height: 1,
  lastBlockHash: '0xf671387f8963015c33a8ea30b0ca7987962d379c5025058d951309d2e9616722'
}
    N2 state: {
  height: 1,
  lastBlockHash: '0xf671387f8963015c33a8ea30b0ca7987962d379c5025058d951309d2e9616722'
}
    N3 state: {
  height: 1,
  lastBlockHash: '0xf671387f8963015c33a8ea30b0ca7987962d379c5025058d951309d2e9616722'
}

>>> TICK 2
  New tx: ADDR_B -> ADDR_A : 25 THE
  Miner: N2 (MINER_2)
  Mined block h=2 hash=0x2b4ab630d4c83768b655aa67fb454ce0dcc49bd1565ab67d25c53aa9b27fcff0
    N1 state: {
  height: 2,
  lastBlockHash: '0x2b4ab630d4c83768b655aa67fb454ce0dcc49bd1565ab67d25c53aa9b27fcff0'
}
    N2 state: {
  height: 2,
  lastBlockHash: '0x2b4ab630d4c83768b655aa67fb454ce0dcc49bd1565ab67d25c53aa9b27fcff0'
}
    N3 state: {
  height: 2,
  lastBlockHash: '0x2b4ab630d4c83768b655aa67fb454ce0dcc49bd1565ab67d25c53aa9b27fcff0'
}

>>> TICK 3
  New tx: ADDR_A -> ADDR_B : 25 THE
  Miner: N3 (MINER_3)
  Mined block h=3 hash=0x224ec9b677035aec70e56e36db2f03388f98874f96894aaacc67a257561b502d
    N1 state: {
  height: 3,
  lastBlockHash: '0x224ec9b677035aec70e56e36db2f03388f98874f96894aaacc67a257561b502d'
}
    N2 state: {
  height: 3,
  lastBlockHash: '0x224ec9b677035aec70e56e36db2f03388f98874f96894aaacc67a257561b502d'
}
    N3 state: {
  height: 3,
  lastBlockHash: '0x224ec9b677035aec70e56e36db2f03388f98874f96894aaacc67a257561b502d'
}

>>> TICK 4
  New tx: ADDR_B -> ADDR_A : 25 THE
  Miner: N1 (MINER_1)
  Mined block h=4 hash=0xc361714bbce74d28863af160b82fd9fab0c6bbd627d1f0c727e6413c18982009
    N1 state: {
  height: 4,
  lastBlockHash: '0xc361714bbce74d28863af160b82fd9fab0c6bbd627d1f0c727e6413c18982009'
}
    N2 state: {
  height: 4,
  lastBlockHash: '0xc361714bbce74d28863af160b82fd9fab0c6bbd627d1f0c727e6413c18982009'
}
    N3 state: {
  height: 4,
  lastBlockHash: '0xc361714bbce74d28863af160b82fd9fab0c6bbd627d1f0c727e6413c18982009'
}

>>> TICK 5
  New tx: ADDR_A -> ADDR_B : 25 THE
  Miner: N2 (MINER_2)
  Mined block h=5 hash=0xf529e9873c5644593fa75257a257480575efd0480a497535ef58481d5e1ce6d8
    N1 state: {
  height: 5,
  lastBlockHash: '0xf529e9873c5644593fa75257a257480575efd0480a497535ef58481d5e1ce6d8'
}
    N2 state: {
  height: 5,
  lastBlockHash: '0xf529e9873c5644593fa75257a257480575efd0480a497535ef58481d5e1ce6d8'
}
    N3 state: {
  height: 5,
  lastBlockHash: '0xf529e9873c5644593fa75257a257480575efd0480a497535ef58481d5e1ce6d8'
}

>>> TICK 6
  New tx: ADDR_B -> ADDR_A : 25 THE
  Miner: N3 (MINER_3)
  Mined block h=6 hash=0x3f95212c4d61249555fb6e0cb10e4303a1e7b69ccb4f99c6f4c904cb8cdc6c01
    N1 state: {
  height: 6,
  lastBlockHash: '0x3f95212c4d61249555fb6e0cb10e4303a1e7b69ccb4f99c6f4c904cb8cdc6c01'
}
    N2 state: {
  height: 6,
  lastBlockHash: '0x3f95212c4d61249555fb6e0cb10e4303a1e7b69ccb4f99c6f4c904cb8cdc6c01'
}
    N3 state: {
  height: 6,
  lastBlockHash: '0x3f95212c4d61249555fb6e0cb10e4303a1e7b69ccb4f99c6f4c904cb8cdc6c01'
}

=== FINAL STATE AFTER NETWORK SIM ===

Node N1:
  Height: 6
  Last hash: 0x3f95212c4d61249555fb6e0cb10e4303a1e7b69ccb4f99c6f4c904cb8cdc6c01
  Accounts:
    ADDR_A { balanceTHE: 1000n }
    ADDR_B { balanceTHE: 0n }
    MINER_1 { balanceTHE: 18n }
    NIP_POOL { balanceTHE: 6n }
    MINER_2 { balanceTHE: 18n }
    MINER_3 { balanceTHE: 18n }

Node N2:
  Height: 6
  Last hash: 0x3f95212c4d61249555fb6e0cb10e4303a1e7b69ccb4f99c6f4c904cb8cdc6c01
  Accounts:
    ADDR_A { balanceTHE: 1000n }
    ADDR_B { balanceTHE: 0n }
    MINER_1 { balanceTHE: 18n }
    NIP_POOL { balanceTHE: 6n }
    MINER_2 { balanceTHE: 18n }
    MINER_3 { balanceTHE: 18n }

Node N3:
  Height: 6
  Last hash: 0x3f95212c4d61249555fb6e0cb10e4303a1e7b69ccb4f99c6f4c904cb8cdc6c01
  Accounts:
    ADDR_A { balanceTHE: 1000n }
    ADDR_B { balanceTHE: 0n }
    MINER_1 { balanceTHE: 18n }
    NIP_POOL { balanceTHE: 6n }
    MINER_2 { balanceTHE: 18n }
    MINER_3 { balanceTHE: 18n }

=== NETWORK SIM COMPLETE ===
