=== POW / DIFFICULTY SIM (v0) ===
Target block time (sec): 240
Blocks to simulate: 500

--- BLOCK 0 ---
  deltaSec: 200
  timestampSec: 200
  target: 53712150769262881108491549867912417346839741181952249885954650733681836032
  approxLeadingZeroBits: 11

--- BLOCK 49 ---
  deltaSec: 285
  timestampSec: 11630
  target: 41202525236893103346523488021326716197139216821808364904315733028160667648
  approxLeadingZeroBits: 11

--- BLOCK 99 ---
  deltaSec: 200
  timestampSec: 23296
  target: 37584067266378132222254192358254918536289811039346117309925453862648414208
  approxLeadingZeroBits: 12

--- BLOCK 149 ---
  deltaSec: 213
  timestampSec: 35209
  target: 31179887256631963989273764803087212918911566344285303837230287383498326016
  approxLeadingZeroBits: 12

--- BLOCK 199 ---
  deltaSec: 333
  timestampSec: 47271
  target: 38803745164458584458733751878938147815221541765987688544472272326369476608
  approxLeadingZeroBits: 12

--- BLOCK 249 ---
  deltaSec: 164
  timestampSec: 57712
  target: 14237740511449627120423035471564129984598966735000110220288244046584872960
  approxLeadingZeroBits: 13

--- BLOCK 299 ---
  deltaSec: 244
  timestampSec: 70205
  target: 20060719205130712048693244263399373044402818729723074341037769860034068480
  approxLeadingZeroBits: 12

--- BLOCK 349 ---
  deltaSec: 211
  timestampSec: 81759
  target: 14640767971291790674813677144505870245082795545759901859062151654812942336
  approxLeadingZeroBits: 13

--- BLOCK 399 ---
  deltaSec: 305
  timestampSec: 93401
  target: 9709813719728721956517214198624632364078576335395872743392250085356077056
  approxLeadingZeroBits: 14

--- BLOCK 449 ---
  deltaSec: 242
  timestampSec: 106426
  target: 17422720165719186833542023598114569258044083142850916486265482423883005952
  approxLeadingZeroBits: 13

--- BLOCK 499 ---
  deltaSec: 184
  timestampSec: 118711
  target: 18931877725869543183422916169205889897902660061504067989543418331119222784
  approxLeadingZeroBits: 13

=== POW / DIFFICULTY SIM SUMMARY ===
Blocks simulated: 500
Min delta (sec): 120
Max delta (sec): 360
Avg delta (sec): 237.42
Target block time (sec): 240
=== POW / DIFFICULTY SIM COMPLETE ===
