=== SPLIT SHADOW MODE SIM (EU oracle, Pack 27) ===

--- HEIGHT SNAPSHOT ---
  height: 0
  price EU/THE: 1.0000
  cumulativeFactor: 1

--- HEIGHT SNAPSHOT ---
  height: 4999
  price EU/THE: 2.5536
  cumulativeFactor: 1

--- HEIGHT SNAPSHOT ---
  height: 6443
  price EU/THE: 2.7105
  cumulativeFactor: 1

--- HEIGHT SNAPSHOT ---
  height: 9999
  price EU/THE: 2.9004
  cumulativeFactor: 1

--- HEIGHT SNAPSHOT ---
  height: 14999
  price EU/THE: 2.9778
  cumulativeFactor: 1

=== SPLIT SHADOW MODE SIM SUMMARY ===
Blocks simulated: 15000
Total split events (shadow): 0
=== SPLIT SHADOW MODE SIM COMPLETE ===
