=== WIRE / JSON SERIALIZATION SIM ===

Original Block:
{
  header: {
    height: 1,
    prevHash: null,
    timestamp: 1764792342582,
    miner: 'MINER_WIRE'
  },
  txs: [
    {
      txType: 'PAYMENT',
      from: 'ADDR_WIRE_A',
      to: 'ADDR_WIRE_B',
      amount: 42n
    },
    {
      txType: 'VAULT_CREATE',
      vaultId: 'VAULT_WIRE_001',
      owner: 'ADDR_WIRE_A'
    },
    {
      txType: 'VAULT_DEPOSIT',
      vaultId: 'VAULT_WIRE_001',
      amount: 120n
    }
  ]
}

Encoded length (bytes): 313
Encoded preview (utf8 slice):
{"header":{"height":1,"prevHash":null,"timestamp":1764792342582,"miner":"MINER_WIRE"},"txs":[{"txType":"PAYMENT","from":"ADDR_WIRE_A","to":"ADDR_WIRE_B","amount":"42"},{"txType":"VAULT_CREATE","vaultI...

Decoded Block:
{
  header: {
    height: 1,
    prevHash: null,
    timestamp: 1764792342582,
    miner: 'MINER_WIRE'
  },
  txs: [
    {
      txType: 'PAYMENT',
      from: 'ADDR_WIRE_A',
      to: 'ADDR_WIRE_B',
      amount: 42n
    },
    {
      txType: 'VAULT_CREATE',
      vaultId: 'VAULT_WIRE_001',
      owner: 'ADDR_WIRE_A'
    },
    {
      txType: 'VAULT_DEPOSIT',
      vaultId: 'VAULT_WIRE_001',
      amount: 120n
    }
  ]
}

Check types:
  typeof decoded.txs[0].amount: bigint
  typeof decoded.txs[2].amount: bigint

=== WIRE / JSON SERIALIZATION SIM COMPLETE ===
